<?xml version="1.0" encoding="UTF-8"?>
<!-- Generated by org.testng.reporters.JUnitReportReporter -->
<testsuite hostname="TYSS-Chaithra" failures="0" tests="1" name="DifferentWaysToPOST.CreateProjectWithJSONObject" time="1.660" errors="0" timestamp="2022-08-09T11:31:51 IST" skipped="0">
  <testcase classname="DifferentWaysToPOST.CreateProjectWithJSONObject" name="createPTest" time="1.660"/>
  <system-out/>
</testsuite> <!-- DifferentWaysToPOST.CreateProjectWithJSONObject -->
