<?xml version="1.0" encoding="UTF-8"?>
<!-- Generated by org.testng.reporters.JUnitReportReporter -->
<testsuite hostname="TYSS-Chaithra" failures="0" tests="1" name="SerializationDeserialization.DeserializationEmpDetailsWithObject" time="0.153" errors="0" timestamp="2022-08-01T16:51:21 IST" skipped="0">
  <testcase classname="SerializationDeserialization.DeserializationEmpDetailsWithObject" name="deserEmpObjectTest" time="0.153"/>
  <system-out/>
</testsuite> <!-- SerializationDeserialization.DeserializationEmpDetailsWithObject -->
