<?xml version="1.0" encoding="UTF-8"?>
<!-- Generated by org.testng.reporters.JUnitReportReporter -->
<testsuite hostname="TYSS-Chaithra" failures="0" tests="1" name="SerializationDeserialization.SerializationEmpDetailsWithObject" time="0.140" errors="0" timestamp="2022-08-01T16:41:52 IST" skipped="0">
  <testcase classname="SerializationDeserialization.SerializationEmpDetailsWithObject" name="serEmpWithObjectTest" time="0.140"/>
  <system-out/>
</testsuite> <!-- SerializationDeserialization.SerializationEmpDetailsWithObject -->
