<?xml version="1.0" encoding="UTF-8"?>
<!-- Generated by org.testng.reporters.JUnitReportReporter -->
<testsuite hostname="TYSS-Chaithra" failures="0" tests="1" name="CRUDOperationsWithBDD.GetAllProjectsTest" time="1.720" errors="0" timestamp="2022-08-08T16:07:16 IST" skipped="0">
  <testcase classname="CRUDOperationsWithBDD.GetAllProjectsTest" name="getAllP" time="1.720"/>
  <system-out/>
</testsuite> <!-- CRUDOperationsWithBDD.GetAllProjectsTest -->
