<?xml version="1.0" encoding="UTF-8"?>
<!-- Generated by org.testng.reporters.JUnitReportReporter -->
<testsuite hostname="TYSS-Chaithra" failures="0" tests="1" name="DifferentWaysToPOST.CreateProjectWithJSONFile" time="1.431" errors="0" timestamp="2022-08-09T11:45:40 IST" skipped="0">
  <testcase classname="DifferentWaysToPOST.CreateProjectWithJSONFile" name="createPTest" time="1.431"/>
  <system-out/>
</testsuite> <!-- DifferentWaysToPOST.CreateProjectWithJSONFile -->
