<?xml version="1.0" encoding="UTF-8"?>
<!-- Generated by org.testng.reporters.JUnitReportReporter -->
<testsuite hostname="TYSS-Chaithra" failures="0" tests="1" name="ResponseValidation.StaticResponseValidation" time="1.629" errors="0" timestamp="2022-08-09T17:05:55 IST" skipped="0">
  <testcase classname="ResponseValidation.StaticResponseValidation" name="staticResponseV" time="1.629"/>
  <system-out/>
</testsuite> <!-- ResponseValidation.StaticResponseValidation -->
