<?xml version="1.0" encoding="UTF-8"?>
<!-- Generated by org.testng.reporters.JUnitReportReporter -->
<testsuite hostname="TYSS-Chaithra" failures="0" tests="1" name="BasicCRUDoperations.UpdateProjectTest" time="1.219" errors="0" timestamp="2022-08-04T17:24:47 IST" skipped="0">
  <testcase classname="BasicCRUDoperations.UpdateProjectTest" name="updateProjectTest" time="1.219"/>
  <system-out/>
</testsuite> <!-- BasicCRUDoperations.UpdateProjectTest -->
