<?xml version="1.0" encoding="UTF-8"?>
<!-- Generated by org.testng.reporters.JUnitReportReporter -->
<testsuite hostname="TYSS-Chaithra" failures="0" tests="1" name="EndToEndSceanrios.CreateProjectVerifyInDatabase" time="1.476" errors="0" timestamp="2022-08-11T11:06:44 IST" skipped="0">
  <testcase classname="EndToEndSceanrios.CreateProjectVerifyInDatabase" name="createPVerifyInDB" time="1.476"/>
  <system-out>
    <![CDATA[TY_PROJ_8603]]>
  </system-out>
</testsuite> <!-- EndToEndSceanrios.CreateProjectVerifyInDatabase -->
