<?xml version="1.0" encoding="UTF-8"?>
<!-- Generated by org.testng.reporters.JUnitReportReporter -->
<testsuite hostname="TYSS-Chaithra" failures="0" tests="1" name="SerializationDeserialization.SerilaizationEmpDetailsWithArray" time="0.156" errors="0" timestamp="2022-08-01T16:35:27 IST" skipped="0">
  <testcase classname="SerializationDeserialization.SerilaizationEmpDetailsWithArray" name="serEmpDetailsWithArray" time="0.156"/>
  <system-out/>
</testsuite> <!-- SerializationDeserialization.SerilaizationEmpDetailsWithArray -->
