<?xml version="1.0" encoding="UTF-8"?>
<!-- Generated by org.testng.reporters.JUnitReportReporter -->
<testsuite hostname="TYSS-Chaithra" failures="0" tests="1" name="SerializationDeserialization.DeserializationEmpDetailsWithArray" time="0.141" errors="0" timestamp="2022-08-01T16:46:25 IST" skipped="0">
  <testcase classname="SerializationDeserialization.DeserializationEmpDetailsWithArray" name="deserEmpArrayTest" time="0.141"/>
  <system-out/>
</testsuite> <!-- SerializationDeserialization.DeserializationEmpDetailsWithArray -->
