<?xml version="1.0" encoding="UTF-8"?>
<!-- Generated by org.testng.reporters.JUnitReportReporter -->
<testsuite hostname="TYSS-Chaithra" failures="0" tests="1" name="BasicCRUDoperations.CreateProjectTest" time="1.172" errors="0" timestamp="2022-08-04T17:26:46 IST" skipped="0">
  <testcase classname="BasicCRUDoperations.CreateProjectTest" name="createProjectTest" time="1.172"/>
  <system-out/>
</testsuite> <!-- BasicCRUDoperations.CreateProjectTest -->
