<?xml version="1.0" encoding="UTF-8"?>
<!-- Generated by org.testng.reporters.JUnitReportReporter -->
<testsuite hostname="TYSS-Chaithra" failures="0" tests="1" name="DifferentWaysToPOST.CreateProjectWithPOJO" time="1.744" errors="0" timestamp="2022-08-09T12:02:34 IST" skipped="0">
  <testcase classname="DifferentWaysToPOST.CreateProjectWithPOJO" name="createP" time="1.744"/>
  <system-out/>
</testsuite> <!-- DifferentWaysToPOST.CreateProjectWithPOJO -->
