<?xml version="1.0" encoding="UTF-8"?>
<!-- Generated by org.testng.reporters.JUnitReportReporter -->
<testsuite hostname="TYSS-Chaithra" failures="0" tests="1" name="Authentications.BasicAuthTest" time="1.680" errors="0" timestamp="2022-08-10T13:12:15 IST" skipped="0">
  <testcase classname="Authentications.BasicAuthTest" name="digestiveAuthTest" time="1.680"/>
  <system-out/>
</testsuite> <!-- Authentications.BasicAuthTest -->
