<?xml version="1.0" encoding="UTF-8"?>
<!-- Generated by org.testng.reporters.JUnitReportReporter -->
<testsuite hostname="TYSS-Chaithra" failures="0" tests="1" name="DifferentWaysToPOST.CreateProjectWithHashMap" time="1.774" errors="0" timestamp="2022-08-09T11:37:24 IST" skipped="0">
  <testcase classname="DifferentWaysToPOST.CreateProjectWithHashMap" name="createPTest" time="1.774"/>
  <system-out/>
</testsuite> <!-- DifferentWaysToPOST.CreateProjectWithHashMap -->
