<?xml version="1.0" encoding="UTF-8"?>
<!-- Generated by org.testng.reporters.JUnitReportReporter -->
<testsuite hostname="TYSS-Chaithra" failures="0" tests="1" name="Parameters.FormParameter" time="1.509" errors="0" timestamp="2022-08-10T10:58:15 IST" skipped="0">
  <testcase classname="Parameters.FormParameter" name="formParameterTest" time="1.509"/>
  <system-out/>
</testsuite> <!-- Parameters.FormParameter -->
