<?xml version="1.0" encoding="UTF-8"?>
<!-- Generated by org.testng.reporters.JUnitReportReporter -->
<testsuite hostname="TYSS-Chaithra" failures="0" tests="1" name="CRUDOperationsWithBDD.CreateProjectTest" time="1.722" errors="0" timestamp="2022-08-08T16:02:06 IST" skipped="0">
  <testcase classname="CRUDOperationsWithBDD.CreateProjectTest" name="createProjectTest" time="1.722"/>
  <system-out/>
</testsuite> <!-- CRUDOperationsWithBDD.CreateProjectTest -->
