<?xml version="1.0" encoding="UTF-8"?>
<!-- Generated by org.testng.reporters.JUnitReportReporter -->
<testsuite hostname="TYSS-Chaithra" failures="0" tests="1" name="Authentications.BearerTokenTest" time="4.033" errors="0" timestamp="2022-08-10T15:14:23 IST" skipped="0">
  <testcase classname="Authentications.BearerTokenTest" name="bearerTokenTest" time="4.033"/>
  <system-out/>
</testsuite> <!-- Authentications.BearerTokenTest -->
