<?xml version="1.0" encoding="UTF-8"?>
<!-- Generated by org.testng.reporters.JUnitReportReporter -->
<testsuite hostname="TYSS-Chaithra" failures="0" tests="1" name="Authentications.Oauth2_0" time="3.488" errors="0" timestamp="2022-08-10T15:54:43 IST" skipped="0">
  <testcase classname="Authentications.Oauth2_0" name="oauth2Test" time="3.488"/>
  <system-out/>
</testsuite> <!-- Authentications.Oauth2_0 -->
