<?xml version="1.0" encoding="UTF-8"?>
<!-- Generated by org.testng.reporters.JUnitReportReporter -->
<testsuite hostname="TYSS-Chaithra" failures="0" tests="1" name="SerializationDeserialization.SerializationEmployeeDetails" time="0.152" errors="0" timestamp="2022-07-28T13:00:02 IST" skipped="0">
  <testcase classname="SerializationDeserialization.SerializationEmployeeDetails" name="serializeEmpDetailsTest" time="0.152"/>
  <system-out/>
</testsuite> <!-- SerializationDeserialization.SerializationEmployeeDetails -->
