<?xml version="1.0" encoding="UTF-8"?>
<!-- Generated by org.testng.reporters.JUnitReportReporter -->
<testsuite hostname="TYSS-Chaithra" failures="0" tests="1" name="BasicCRUDoperations.GetAllProjectsTest" time="1.237" errors="0" timestamp="2022-08-04T17:16:58 IST" skipped="0">
  <testcase classname="BasicCRUDoperations.GetAllProjectsTest" name="getAllProjectsTest" time="1.237"/>
  <system-out/>
</testsuite> <!-- BasicCRUDoperations.GetAllProjectsTest -->
