<?xml version="1.0" encoding="UTF-8"?>
<!-- Generated by org.testng.reporters.JUnitReportReporter -->
<testsuite hostname="TYSS-Chaithra" failures="0" tests="1" name="SerializationDeserialization.DeserializationEmpoyeeDetails" time="0.144" errors="0" timestamp="2022-07-28T15:05:41 IST" skipped="0">
  <testcase classname="SerializationDeserialization.DeserializationEmpoyeeDetails" name="deserialiseEmpDetailsTest" time="0.144"/>
  <system-out/>
</testsuite> <!-- SerializationDeserialization.DeserializationEmpoyeeDetails -->
