<?xml version="1.0" encoding="UTF-8"?>
<!-- Generated by org.testng.reporters.JUnitReportReporter -->
<testsuite hostname="TYSS-Chaithra" failures="0" tests="1" name="Parameters.QueryParameter" time="2.271" errors="0" timestamp="2022-08-10T10:54:41 IST" skipped="0">
  <testcase classname="Parameters.QueryParameter" name="queryParameterTest" time="2.271"/>
  <system-out/>
</testsuite> <!-- Parameters.QueryParameter -->
